<?xml version="1.0" encoding="UTF-8"?>
<!-- Generated by org.testng.reporters.JUnitReportReporter -->
<testsuite hostname="DESKTOP-D5BDHV5" failures="0" tests="5" name="TestCases.ValidTestCases" time="35.371" errors="0" timestamp="2020-06-13T13:30:08 IST" skipped="0">
  <testcase classname="TestCases.ValidTestCases" name="test_URL_Appear_Correct" time="9.257"/>
  <system-out/>
  <testcase classname="TestCases.ValidTestCases" name="test_SignIn_Button" time="1.915"/>
  <system-out/>
  <testcase classname="TestCases.ValidTestCases" name="test_LogIn_Details" time="10.568"/>
  <system-out/>
  <testcase classname="TestCases.ValidTestCases" name="test_Cab_Icon" time="3.933"/>
  <system-out/>
  <testcase classname="TestCases.ValidTestCases" name="test_Set_Cab_Details" time="9.698"/>
  <system-out/>
</testsuite> <!-- TestCases.ValidTestCases -->
